# JRE version: Java(TM) SE Runtime Environment 18.9 (11.0.13+10) (build 11.0.13+10-LTS-370)
# Java VM: Java HotSpot(TM) 64-Bit Server VM 18.9 (11.0.13+10-LTS-370, mixed mode, tiered, compressed oops, g1 gc, windows-amd64)
Heap:
 garbage-first heap   total 129024K, used 60724K [0x0000000082800000, 0x0000000100000000)
  region size 1024K, 29 young (29696K), 5 survivors (5120K)
 Metaspace       used 32247K, capacity 33450K, committed 33712K, reserved 1079296K
  class space    used 3956K, capacity 4502K, committed 4608K, reserved 1048576K
GC Heap History (6 events):
Event: 0.776 GC heap before
{Heap before GC invocations=0 (full 0):
 garbage-first heap   total 129024K, used 23552K [0x0000000082800000, 0x0000000100000000)
  region size 1024K, 24 young (24576K), 0 survivors (0K)
 Metaspace       used 12373K, capacity 12753K, committed 12800K, reserved 1060864K
  class space    used 1331K, capacity 1493K, committed 1536K, reserved 1048576K
}
Event: 0.779 GC heap after
{Heap after GC invocations=1 (full 0):
 garbage-first heap   total 129024K, used 3431K [0x0000000082800000, 0x0000000100000000)
  region size 1024K, 3 young (3072K), 3 survivors (3072K)
 Metaspace       used 12373K, capacity 12753K, committed 12800K, reserved 1060864K
  class space    used 1331K, capacity 1493K, committed 1536K, reserved 1048576K
}
Event: 1.548 GC heap before
{Heap before GC invocations=1 (full 0):
 garbage-first heap   total 129024K, used 47463K [0x0000000082800000, 0x0000000100000000)
  region size 1024K, 32 young (32768K), 3 survivors (3072K)
 Metaspace       used 20498K, capacity 21087K, committed 21296K, reserved 1067008K
  class space    used 2537K, capacity 2823K, committed 2944K, reserved 1048576K
}
Event: 1.556 GC heap after
{Heap after GC invocations=2 (full 0):
 garbage-first heap   total 129024K, used 19954K [0x0000000082800000, 0x0000000100000000)
  region size 1024K, 7 young (7168K), 7 survivors (7168K)
 Metaspace       used 20498K, capacity 21087K, committed 21296K, reserved 1067008K
  class space    used 2537K, capacity 2823K, committed 2944K, reserved 1048576K
}
Event: 18.932 GC heap before
{Heap before GC invocations=3 (full 0):
 garbage-first heap   total 129024K, used 70130K [0x0000000082800000, 0x0000000100000000)
  region size 1024K, 48 young (49152K), 7 survivors (7168K)
 Metaspace       used 30912K, capacity 32070K, committed 32304K, reserved 1077248K
  class space    used 3865K, capacity 4371K, committed 4480K, reserved 1048576K
}
Event: 18.941 GC heap after
{Heap after GC invocations=4 (full 0):
 garbage-first heap   total 129024K, used 26932K [0x0000000082800000, 0x0000000100000000)
  region size 1024K, 5 young (5120K), 5 survivors (5120K)
 Metaspace       used 30912K, capacity 32070K, committed 32304K, reserved 1077248K
  class space    used 3865K, capacity 4371K, committed 4480K, reserved 1048576K
}

